Created by PLY version 3.11 (http://www.dabeaz.com/ply)

Grammar

Rule 0     S' -> for_loop
Rule 1     for_loop -> variable_declaration for_loop_inner_declaration
Rule 2     for_loop -> p_variable_variation for_loop_inner_variation
Rule 3     for_loop -> for_loop_inner
Rule 4     p_variable_variation -> INT ID SEMICOLON
Rule 5     variable_declaration -> INT ID ASSIGN NUMBER SEMICOLON
Rule 6     for_loop_inner_variation -> FOR LPAREN ID ASSIGN NUMBER SEMICOLON ID LESSTHAN NUMBER SEMICOLON ID INCREMENT RPAREN LBRACE system_out RBRACE
Rule 7     for_loop_inner_variation -> FOR LPAREN ID ASSIGN NUMBER SEMICOLON ID GREATERTHAN NUMBER SEMICOLON ID INCREMENT RPAREN LBRACE system_out RBRACE
Rule 8     for_loop_inner_variation -> FOR LPAREN ID ASSIGN NUMBER SEMICOLON ID LESSTHANOREQUAL NUMBER SEMICOLON ID INCREMENT RPAREN LBRACE system_out RBRACE
Rule 9     for_loop_inner_declaration -> FOR LPAREN ID SEMICOLON ID LESSTHAN NUMBER SEMICOLON ID INCREMENT RPAREN LBRACE system_out RBRACE
Rule 10    for_loop_inner_declaration -> FOR LPAREN ID SEMICOLON ID GREATERTHAN NUMBER SEMICOLON ID INCREMENT RPAREN LBRACE system_out RBRACE
Rule 11    for_loop_inner_declaration -> FOR LPAREN ID SEMICOLON ID LESSTHANOREQUAL NUMBER SEMICOLON ID INCREMENT RPAREN LBRACE system_out RBRACE
Rule 12    for_loop_inner -> FOR LPAREN INT ID ASSIGN NUMBER SEMICOLON ID LESSTHAN NUMBER SEMICOLON ID INCREMENT RPAREN LBRACE system_out RBRACE
Rule 13    for_loop_inner -> FOR LPAREN INT ID ASSIGN NUMBER SEMICOLON ID GREATERTHAN NUMBER SEMICOLON ID INCREMENT RPAREN LBRACE system_out RBRACE
Rule 14    for_loop_inner -> FOR LPAREN INT ID ASSIGN NUMBER SEMICOLON ID LESSTHANOREQUAL NUMBER SEMICOLON ID INCREMENT RPAREN LBRACE system_out RBRACE
Rule 15    system_out_content -> STRING
Rule 16    system_out_content -> ID
Rule 17    system_out_content -> system_out_content PLUS STRING
Rule 18    system_out_content -> system_out_content PLUS ID
Rule 19    system_out -> ID DOT ID DOT ID LPAREN system_out_content RPAREN SEMICOLON

Terminals, with rules where they appear

ASSIGN               : 5 6 7 8 12 13 14
DOT                  : 19 19
FOR                  : 6 7 8 9 10 11 12 13 14
GREATERTHAN          : 7 10 13
ID                   : 4 5 6 6 6 7 7 7 8 8 8 9 9 9 10 10 10 11 11 11 12 12 12 13 13 13 14 14 14 16 18 19 19 19
INCREMENT            : 6 7 8 9 10 11 12 13 14
INT                  : 4 5 12 13 14
LBRACE               : 6 7 8 9 10 11 12 13 14
LESSTHAN             : 6 9 12
LESSTHANOREQUAL      : 8 11 14
LPAREN               : 6 7 8 9 10 11 12 13 14 19
NUMBER               : 5 6 6 7 7 8 8 9 10 11 12 12 13 13 14 14
PLUS                 : 17 18
RBRACE               : 6 7 8 9 10 11 12 13 14
RPAREN               : 6 7 8 9 10 11 12 13 14 19
SEMICOLON            : 4 5 6 6 7 7 8 8 9 9 10 10 11 11 12 12 13 13 14 14 19
STRING               : 15 17
error                : 

Nonterminals, with rules where they appear

for_loop             : 0
for_loop_inner       : 3
for_loop_inner_declaration : 1
for_loop_inner_variation : 2
p_variable_variation : 2
system_out           : 6 7 8 9 10 11 12 13 14
system_out_content   : 17 18 19
variable_declaration : 1

Parsing method: LALR

state 0

    (0) S' -> . for_loop
    (1) for_loop -> . variable_declaration for_loop_inner_declaration
    (2) for_loop -> . p_variable_variation for_loop_inner_variation
    (3) for_loop -> . for_loop_inner
    (5) variable_declaration -> . INT ID ASSIGN NUMBER SEMICOLON
    (4) p_variable_variation -> . INT ID SEMICOLON
    (12) for_loop_inner -> . FOR LPAREN INT ID ASSIGN NUMBER SEMICOLON ID LESSTHAN NUMBER SEMICOLON ID INCREMENT RPAREN LBRACE system_out RBRACE
    (13) for_loop_inner -> . FOR LPAREN INT ID ASSIGN NUMBER SEMICOLON ID GREATERTHAN NUMBER SEMICOLON ID INCREMENT RPAREN LBRACE system_out RBRACE
    (14) for_loop_inner -> . FOR LPAREN INT ID ASSIGN NUMBER SEMICOLON ID LESSTHANOREQUAL NUMBER SEMICOLON ID INCREMENT RPAREN LBRACE system_out RBRACE

    INT             shift and go to state 5
    FOR             shift and go to state 6

    for_loop                       shift and go to state 1
    variable_declaration           shift and go to state 2
    p_variable_variation           shift and go to state 3
    for_loop_inner                 shift and go to state 4

state 1

    (0) S' -> for_loop .



state 2

    (1) for_loop -> variable_declaration . for_loop_inner_declaration
    (9) for_loop_inner_declaration -> . FOR LPAREN ID SEMICOLON ID LESSTHAN NUMBER SEMICOLON ID INCREMENT RPAREN LBRACE system_out RBRACE
    (10) for_loop_inner_declaration -> . FOR LPAREN ID SEMICOLON ID GREATERTHAN NUMBER SEMICOLON ID INCREMENT RPAREN LBRACE system_out RBRACE
    (11) for_loop_inner_declaration -> . FOR LPAREN ID SEMICOLON ID LESSTHANOREQUAL NUMBER SEMICOLON ID INCREMENT RPAREN LBRACE system_out RBRACE

    FOR             shift and go to state 8

    for_loop_inner_declaration     shift and go to state 7

state 3

    (2) for_loop -> p_variable_variation . for_loop_inner_variation
    (6) for_loop_inner_variation -> . FOR LPAREN ID ASSIGN NUMBER SEMICOLON ID LESSTHAN NUMBER SEMICOLON ID INCREMENT RPAREN LBRACE system_out RBRACE
    (7) for_loop_inner_variation -> . FOR LPAREN ID ASSIGN NUMBER SEMICOLON ID GREATERTHAN NUMBER SEMICOLON ID INCREMENT RPAREN LBRACE system_out RBRACE
    (8) for_loop_inner_variation -> . FOR LPAREN ID ASSIGN NUMBER SEMICOLON ID LESSTHANOREQUAL NUMBER SEMICOLON ID INCREMENT RPAREN LBRACE system_out RBRACE

    FOR             shift and go to state 10

    for_loop_inner_variation       shift and go to state 9

state 4

    (3) for_loop -> for_loop_inner .

    $end            reduce using rule 3 (for_loop -> for_loop_inner .)


state 5

    (5) variable_declaration -> INT . ID ASSIGN NUMBER SEMICOLON
    (4) p_variable_variation -> INT . ID SEMICOLON

    ID              shift and go to state 11


state 6

    (12) for_loop_inner -> FOR . LPAREN INT ID ASSIGN NUMBER SEMICOLON ID LESSTHAN NUMBER SEMICOLON ID INCREMENT RPAREN LBRACE system_out RBRACE
    (13) for_loop_inner -> FOR . LPAREN INT ID ASSIGN NUMBER SEMICOLON ID GREATERTHAN NUMBER SEMICOLON ID INCREMENT RPAREN LBRACE system_out RBRACE
    (14) for_loop_inner -> FOR . LPAREN INT ID ASSIGN NUMBER SEMICOLON ID LESSTHANOREQUAL NUMBER SEMICOLON ID INCREMENT RPAREN LBRACE system_out RBRACE

    LPAREN          shift and go to state 12


state 7

    (1) for_loop -> variable_declaration for_loop_inner_declaration .

    $end            reduce using rule 1 (for_loop -> variable_declaration for_loop_inner_declaration .)


state 8

    (9) for_loop_inner_declaration -> FOR . LPAREN ID SEMICOLON ID LESSTHAN NUMBER SEMICOLON ID INCREMENT RPAREN LBRACE system_out RBRACE
    (10) for_loop_inner_declaration -> FOR . LPAREN ID SEMICOLON ID GREATERTHAN NUMBER SEMICOLON ID INCREMENT RPAREN LBRACE system_out RBRACE
    (11) for_loop_inner_declaration -> FOR . LPAREN ID SEMICOLON ID LESSTHANOREQUAL NUMBER SEMICOLON ID INCREMENT RPAREN LBRACE system_out RBRACE

    LPAREN          shift and go to state 13


state 9

    (2) for_loop -> p_variable_variation for_loop_inner_variation .

    $end            reduce using rule 2 (for_loop -> p_variable_variation for_loop_inner_variation .)


state 10

    (6) for_loop_inner_variation -> FOR . LPAREN ID ASSIGN NUMBER SEMICOLON ID LESSTHAN NUMBER SEMICOLON ID INCREMENT RPAREN LBRACE system_out RBRACE
    (7) for_loop_inner_variation -> FOR . LPAREN ID ASSIGN NUMBER SEMICOLON ID GREATERTHAN NUMBER SEMICOLON ID INCREMENT RPAREN LBRACE system_out RBRACE
    (8) for_loop_inner_variation -> FOR . LPAREN ID ASSIGN NUMBER SEMICOLON ID LESSTHANOREQUAL NUMBER SEMICOLON ID INCREMENT RPAREN LBRACE system_out RBRACE

    LPAREN          shift and go to state 14


state 11

    (5) variable_declaration -> INT ID . ASSIGN NUMBER SEMICOLON
    (4) p_variable_variation -> INT ID . SEMICOLON

    ASSIGN          shift and go to state 15
    SEMICOLON       shift and go to state 16


state 12

    (12) for_loop_inner -> FOR LPAREN . INT ID ASSIGN NUMBER SEMICOLON ID LESSTHAN NUMBER SEMICOLON ID INCREMENT RPAREN LBRACE system_out RBRACE
    (13) for_loop_inner -> FOR LPAREN . INT ID ASSIGN NUMBER SEMICOLON ID GREATERTHAN NUMBER SEMICOLON ID INCREMENT RPAREN LBRACE system_out RBRACE
    (14) for_loop_inner -> FOR LPAREN . INT ID ASSIGN NUMBER SEMICOLON ID LESSTHANOREQUAL NUMBER SEMICOLON ID INCREMENT RPAREN LBRACE system_out RBRACE

    INT             shift and go to state 17


state 13

    (9) for_loop_inner_declaration -> FOR LPAREN . ID SEMICOLON ID LESSTHAN NUMBER SEMICOLON ID INCREMENT RPAREN LBRACE system_out RBRACE
    (10) for_loop_inner_declaration -> FOR LPAREN . ID SEMICOLON ID GREATERTHAN NUMBER SEMICOLON ID INCREMENT RPAREN LBRACE system_out RBRACE
    (11) for_loop_inner_declaration -> FOR LPAREN . ID SEMICOLON ID LESSTHANOREQUAL NUMBER SEMICOLON ID INCREMENT RPAREN LBRACE system_out RBRACE

    ID              shift and go to state 18


state 14

    (6) for_loop_inner_variation -> FOR LPAREN . ID ASSIGN NUMBER SEMICOLON ID LESSTHAN NUMBER SEMICOLON ID INCREMENT RPAREN LBRACE system_out RBRACE
    (7) for_loop_inner_variation -> FOR LPAREN . ID ASSIGN NUMBER SEMICOLON ID GREATERTHAN NUMBER SEMICOLON ID INCREMENT RPAREN LBRACE system_out RBRACE
    (8) for_loop_inner_variation -> FOR LPAREN . ID ASSIGN NUMBER SEMICOLON ID LESSTHANOREQUAL NUMBER SEMICOLON ID INCREMENT RPAREN LBRACE system_out RBRACE

    ID              shift and go to state 19


state 15

    (5) variable_declaration -> INT ID ASSIGN . NUMBER SEMICOLON

    NUMBER          shift and go to state 20


state 16

    (4) p_variable_variation -> INT ID SEMICOLON .

    FOR             reduce using rule 4 (p_variable_variation -> INT ID SEMICOLON .)


state 17

    (12) for_loop_inner -> FOR LPAREN INT . ID ASSIGN NUMBER SEMICOLON ID LESSTHAN NUMBER SEMICOLON ID INCREMENT RPAREN LBRACE system_out RBRACE
    (13) for_loop_inner -> FOR LPAREN INT . ID ASSIGN NUMBER SEMICOLON ID GREATERTHAN NUMBER SEMICOLON ID INCREMENT RPAREN LBRACE system_out RBRACE
    (14) for_loop_inner -> FOR LPAREN INT . ID ASSIGN NUMBER SEMICOLON ID LESSTHANOREQUAL NUMBER SEMICOLON ID INCREMENT RPAREN LBRACE system_out RBRACE

    ID              shift and go to state 21


state 18

    (9) for_loop_inner_declaration -> FOR LPAREN ID . SEMICOLON ID LESSTHAN NUMBER SEMICOLON ID INCREMENT RPAREN LBRACE system_out RBRACE
    (10) for_loop_inner_declaration -> FOR LPAREN ID . SEMICOLON ID GREATERTHAN NUMBER SEMICOLON ID INCREMENT RPAREN LBRACE system_out RBRACE
    (11) for_loop_inner_declaration -> FOR LPAREN ID . SEMICOLON ID LESSTHANOREQUAL NUMBER SEMICOLON ID INCREMENT RPAREN LBRACE system_out RBRACE

    SEMICOLON       shift and go to state 22


state 19

    (6) for_loop_inner_variation -> FOR LPAREN ID . ASSIGN NUMBER SEMICOLON ID LESSTHAN NUMBER SEMICOLON ID INCREMENT RPAREN LBRACE system_out RBRACE
    (7) for_loop_inner_variation -> FOR LPAREN ID . ASSIGN NUMBER SEMICOLON ID GREATERTHAN NUMBER SEMICOLON ID INCREMENT RPAREN LBRACE system_out RBRACE
    (8) for_loop_inner_variation -> FOR LPAREN ID . ASSIGN NUMBER SEMICOLON ID LESSTHANOREQUAL NUMBER SEMICOLON ID INCREMENT RPAREN LBRACE system_out RBRACE

    ASSIGN          shift and go to state 23


state 20

    (5) variable_declaration -> INT ID ASSIGN NUMBER . SEMICOLON

    SEMICOLON       shift and go to state 24


state 21

    (12) for_loop_inner -> FOR LPAREN INT ID . ASSIGN NUMBER SEMICOLON ID LESSTHAN NUMBER SEMICOLON ID INCREMENT RPAREN LBRACE system_out RBRACE
    (13) for_loop_inner -> FOR LPAREN INT ID . ASSIGN NUMBER SEMICOLON ID GREATERTHAN NUMBER SEMICOLON ID INCREMENT RPAREN LBRACE system_out RBRACE
    (14) for_loop_inner -> FOR LPAREN INT ID . ASSIGN NUMBER SEMICOLON ID LESSTHANOREQUAL NUMBER SEMICOLON ID INCREMENT RPAREN LBRACE system_out RBRACE

    ASSIGN          shift and go to state 25


state 22

    (9) for_loop_inner_declaration -> FOR LPAREN ID SEMICOLON . ID LESSTHAN NUMBER SEMICOLON ID INCREMENT RPAREN LBRACE system_out RBRACE
    (10) for_loop_inner_declaration -> FOR LPAREN ID SEMICOLON . ID GREATERTHAN NUMBER SEMICOLON ID INCREMENT RPAREN LBRACE system_out RBRACE
    (11) for_loop_inner_declaration -> FOR LPAREN ID SEMICOLON . ID LESSTHANOREQUAL NUMBER SEMICOLON ID INCREMENT RPAREN LBRACE system_out RBRACE

    ID              shift and go to state 26


state 23

    (6) for_loop_inner_variation -> FOR LPAREN ID ASSIGN . NUMBER SEMICOLON ID LESSTHAN NUMBER SEMICOLON ID INCREMENT RPAREN LBRACE system_out RBRACE
    (7) for_loop_inner_variation -> FOR LPAREN ID ASSIGN . NUMBER SEMICOLON ID GREATERTHAN NUMBER SEMICOLON ID INCREMENT RPAREN LBRACE system_out RBRACE
    (8) for_loop_inner_variation -> FOR LPAREN ID ASSIGN . NUMBER SEMICOLON ID LESSTHANOREQUAL NUMBER SEMICOLON ID INCREMENT RPAREN LBRACE system_out RBRACE

    NUMBER          shift and go to state 27


state 24

    (5) variable_declaration -> INT ID ASSIGN NUMBER SEMICOLON .

    FOR             reduce using rule 5 (variable_declaration -> INT ID ASSIGN NUMBER SEMICOLON .)


state 25

    (12) for_loop_inner -> FOR LPAREN INT ID ASSIGN . NUMBER SEMICOLON ID LESSTHAN NUMBER SEMICOLON ID INCREMENT RPAREN LBRACE system_out RBRACE
    (13) for_loop_inner -> FOR LPAREN INT ID ASSIGN . NUMBER SEMICOLON ID GREATERTHAN NUMBER SEMICOLON ID INCREMENT RPAREN LBRACE system_out RBRACE
    (14) for_loop_inner -> FOR LPAREN INT ID ASSIGN . NUMBER SEMICOLON ID LESSTHANOREQUAL NUMBER SEMICOLON ID INCREMENT RPAREN LBRACE system_out RBRACE

    NUMBER          shift and go to state 28


state 26

    (9) for_loop_inner_declaration -> FOR LPAREN ID SEMICOLON ID . LESSTHAN NUMBER SEMICOLON ID INCREMENT RPAREN LBRACE system_out RBRACE
    (10) for_loop_inner_declaration -> FOR LPAREN ID SEMICOLON ID . GREATERTHAN NUMBER SEMICOLON ID INCREMENT RPAREN LBRACE system_out RBRACE
    (11) for_loop_inner_declaration -> FOR LPAREN ID SEMICOLON ID . LESSTHANOREQUAL NUMBER SEMICOLON ID INCREMENT RPAREN LBRACE system_out RBRACE

    LESSTHAN        shift and go to state 29
    GREATERTHAN     shift and go to state 30
    LESSTHANOREQUAL shift and go to state 31


state 27

    (6) for_loop_inner_variation -> FOR LPAREN ID ASSIGN NUMBER . SEMICOLON ID LESSTHAN NUMBER SEMICOLON ID INCREMENT RPAREN LBRACE system_out RBRACE
    (7) for_loop_inner_variation -> FOR LPAREN ID ASSIGN NUMBER . SEMICOLON ID GREATERTHAN NUMBER SEMICOLON ID INCREMENT RPAREN LBRACE system_out RBRACE
    (8) for_loop_inner_variation -> FOR LPAREN ID ASSIGN NUMBER . SEMICOLON ID LESSTHANOREQUAL NUMBER SEMICOLON ID INCREMENT RPAREN LBRACE system_out RBRACE

    SEMICOLON       shift and go to state 32


state 28

    (12) for_loop_inner -> FOR LPAREN INT ID ASSIGN NUMBER . SEMICOLON ID LESSTHAN NUMBER SEMICOLON ID INCREMENT RPAREN LBRACE system_out RBRACE
    (13) for_loop_inner -> FOR LPAREN INT ID ASSIGN NUMBER . SEMICOLON ID GREATERTHAN NUMBER SEMICOLON ID INCREMENT RPAREN LBRACE system_out RBRACE
    (14) for_loop_inner -> FOR LPAREN INT ID ASSIGN NUMBER . SEMICOLON ID LESSTHANOREQUAL NUMBER SEMICOLON ID INCREMENT RPAREN LBRACE system_out RBRACE

    SEMICOLON       shift and go to state 33


state 29

    (9) for_loop_inner_declaration -> FOR LPAREN ID SEMICOLON ID LESSTHAN . NUMBER SEMICOLON ID INCREMENT RPAREN LBRACE system_out RBRACE

    NUMBER          shift and go to state 34


state 30

    (10) for_loop_inner_declaration -> FOR LPAREN ID SEMICOLON ID GREATERTHAN . NUMBER SEMICOLON ID INCREMENT RPAREN LBRACE system_out RBRACE

    NUMBER          shift and go to state 35


state 31

    (11) for_loop_inner_declaration -> FOR LPAREN ID SEMICOLON ID LESSTHANOREQUAL . NUMBER SEMICOLON ID INCREMENT RPAREN LBRACE system_out RBRACE

    NUMBER          shift and go to state 36


state 32

    (6) for_loop_inner_variation -> FOR LPAREN ID ASSIGN NUMBER SEMICOLON . ID LESSTHAN NUMBER SEMICOLON ID INCREMENT RPAREN LBRACE system_out RBRACE
    (7) for_loop_inner_variation -> FOR LPAREN ID ASSIGN NUMBER SEMICOLON . ID GREATERTHAN NUMBER SEMICOLON ID INCREMENT RPAREN LBRACE system_out RBRACE
    (8) for_loop_inner_variation -> FOR LPAREN ID ASSIGN NUMBER SEMICOLON . ID LESSTHANOREQUAL NUMBER SEMICOLON ID INCREMENT RPAREN LBRACE system_out RBRACE

    ID              shift and go to state 37


state 33

    (12) for_loop_inner -> FOR LPAREN INT ID ASSIGN NUMBER SEMICOLON . ID LESSTHAN NUMBER SEMICOLON ID INCREMENT RPAREN LBRACE system_out RBRACE
    (13) for_loop_inner -> FOR LPAREN INT ID ASSIGN NUMBER SEMICOLON . ID GREATERTHAN NUMBER SEMICOLON ID INCREMENT RPAREN LBRACE system_out RBRACE
    (14) for_loop_inner -> FOR LPAREN INT ID ASSIGN NUMBER SEMICOLON . ID LESSTHANOREQUAL NUMBER SEMICOLON ID INCREMENT RPAREN LBRACE system_out RBRACE

    ID              shift and go to state 38


state 34

    (9) for_loop_inner_declaration -> FOR LPAREN ID SEMICOLON ID LESSTHAN NUMBER . SEMICOLON ID INCREMENT RPAREN LBRACE system_out RBRACE

    SEMICOLON       shift and go to state 39


state 35

    (10) for_loop_inner_declaration -> FOR LPAREN ID SEMICOLON ID GREATERTHAN NUMBER . SEMICOLON ID INCREMENT RPAREN LBRACE system_out RBRACE

    SEMICOLON       shift and go to state 40


state 36

    (11) for_loop_inner_declaration -> FOR LPAREN ID SEMICOLON ID LESSTHANOREQUAL NUMBER . SEMICOLON ID INCREMENT RPAREN LBRACE system_out RBRACE

    SEMICOLON       shift and go to state 41


state 37

    (6) for_loop_inner_variation -> FOR LPAREN ID ASSIGN NUMBER SEMICOLON ID . LESSTHAN NUMBER SEMICOLON ID INCREMENT RPAREN LBRACE system_out RBRACE
    (7) for_loop_inner_variation -> FOR LPAREN ID ASSIGN NUMBER SEMICOLON ID . GREATERTHAN NUMBER SEMICOLON ID INCREMENT RPAREN LBRACE system_out RBRACE
    (8) for_loop_inner_variation -> FOR LPAREN ID ASSIGN NUMBER SEMICOLON ID . LESSTHANOREQUAL NUMBER SEMICOLON ID INCREMENT RPAREN LBRACE system_out RBRACE

    LESSTHAN        shift and go to state 42
    GREATERTHAN     shift and go to state 43
    LESSTHANOREQUAL shift and go to state 44


state 38

    (12) for_loop_inner -> FOR LPAREN INT ID ASSIGN NUMBER SEMICOLON ID . LESSTHAN NUMBER SEMICOLON ID INCREMENT RPAREN LBRACE system_out RBRACE
    (13) for_loop_inner -> FOR LPAREN INT ID ASSIGN NUMBER SEMICOLON ID . GREATERTHAN NUMBER SEMICOLON ID INCREMENT RPAREN LBRACE system_out RBRACE
    (14) for_loop_inner -> FOR LPAREN INT ID ASSIGN NUMBER SEMICOLON ID . LESSTHANOREQUAL NUMBER SEMICOLON ID INCREMENT RPAREN LBRACE system_out RBRACE

    LESSTHAN        shift and go to state 45
    GREATERTHAN     shift and go to state 46
    LESSTHANOREQUAL shift and go to state 47


state 39

    (9) for_loop_inner_declaration -> FOR LPAREN ID SEMICOLON ID LESSTHAN NUMBER SEMICOLON . ID INCREMENT RPAREN LBRACE system_out RBRACE

    ID              shift and go to state 48


state 40

    (10) for_loop_inner_declaration -> FOR LPAREN ID SEMICOLON ID GREATERTHAN NUMBER SEMICOLON . ID INCREMENT RPAREN LBRACE system_out RBRACE

    ID              shift and go to state 49


state 41

    (11) for_loop_inner_declaration -> FOR LPAREN ID SEMICOLON ID LESSTHANOREQUAL NUMBER SEMICOLON . ID INCREMENT RPAREN LBRACE system_out RBRACE

    ID              shift and go to state 50


state 42

    (6) for_loop_inner_variation -> FOR LPAREN ID ASSIGN NUMBER SEMICOLON ID LESSTHAN . NUMBER SEMICOLON ID INCREMENT RPAREN LBRACE system_out RBRACE

    NUMBER          shift and go to state 51


state 43

    (7) for_loop_inner_variation -> FOR LPAREN ID ASSIGN NUMBER SEMICOLON ID GREATERTHAN . NUMBER SEMICOLON ID INCREMENT RPAREN LBRACE system_out RBRACE

    NUMBER          shift and go to state 52


state 44

    (8) for_loop_inner_variation -> FOR LPAREN ID ASSIGN NUMBER SEMICOLON ID LESSTHANOREQUAL . NUMBER SEMICOLON ID INCREMENT RPAREN LBRACE system_out RBRACE

    NUMBER          shift and go to state 53


state 45

    (12) for_loop_inner -> FOR LPAREN INT ID ASSIGN NUMBER SEMICOLON ID LESSTHAN . NUMBER SEMICOLON ID INCREMENT RPAREN LBRACE system_out RBRACE

    NUMBER          shift and go to state 54


state 46

    (13) for_loop_inner -> FOR LPAREN INT ID ASSIGN NUMBER SEMICOLON ID GREATERTHAN . NUMBER SEMICOLON ID INCREMENT RPAREN LBRACE system_out RBRACE

    NUMBER          shift and go to state 55


state 47

    (14) for_loop_inner -> FOR LPAREN INT ID ASSIGN NUMBER SEMICOLON ID LESSTHANOREQUAL . NUMBER SEMICOLON ID INCREMENT RPAREN LBRACE system_out RBRACE

    NUMBER          shift and go to state 56


state 48

    (9) for_loop_inner_declaration -> FOR LPAREN ID SEMICOLON ID LESSTHAN NUMBER SEMICOLON ID . INCREMENT RPAREN LBRACE system_out RBRACE

    INCREMENT       shift and go to state 57


state 49

    (10) for_loop_inner_declaration -> FOR LPAREN ID SEMICOLON ID GREATERTHAN NUMBER SEMICOLON ID . INCREMENT RPAREN LBRACE system_out RBRACE

    INCREMENT       shift and go to state 58


state 50

    (11) for_loop_inner_declaration -> FOR LPAREN ID SEMICOLON ID LESSTHANOREQUAL NUMBER SEMICOLON ID . INCREMENT RPAREN LBRACE system_out RBRACE

    INCREMENT       shift and go to state 59


state 51

    (6) for_loop_inner_variation -> FOR LPAREN ID ASSIGN NUMBER SEMICOLON ID LESSTHAN NUMBER . SEMICOLON ID INCREMENT RPAREN LBRACE system_out RBRACE

    SEMICOLON       shift and go to state 60


state 52

    (7) for_loop_inner_variation -> FOR LPAREN ID ASSIGN NUMBER SEMICOLON ID GREATERTHAN NUMBER . SEMICOLON ID INCREMENT RPAREN LBRACE system_out RBRACE

    SEMICOLON       shift and go to state 61


state 53

    (8) for_loop_inner_variation -> FOR LPAREN ID ASSIGN NUMBER SEMICOLON ID LESSTHANOREQUAL NUMBER . SEMICOLON ID INCREMENT RPAREN LBRACE system_out RBRACE

    SEMICOLON       shift and go to state 62


state 54

    (12) for_loop_inner -> FOR LPAREN INT ID ASSIGN NUMBER SEMICOLON ID LESSTHAN NUMBER . SEMICOLON ID INCREMENT RPAREN LBRACE system_out RBRACE

    SEMICOLON       shift and go to state 63


state 55

    (13) for_loop_inner -> FOR LPAREN INT ID ASSIGN NUMBER SEMICOLON ID GREATERTHAN NUMBER . SEMICOLON ID INCREMENT RPAREN LBRACE system_out RBRACE

    SEMICOLON       shift and go to state 64


state 56

    (14) for_loop_inner -> FOR LPAREN INT ID ASSIGN NUMBER SEMICOLON ID LESSTHANOREQUAL NUMBER . SEMICOLON ID INCREMENT RPAREN LBRACE system_out RBRACE

    SEMICOLON       shift and go to state 65


state 57

    (9) for_loop_inner_declaration -> FOR LPAREN ID SEMICOLON ID LESSTHAN NUMBER SEMICOLON ID INCREMENT . RPAREN LBRACE system_out RBRACE

    RPAREN          shift and go to state 66


state 58

    (10) for_loop_inner_declaration -> FOR LPAREN ID SEMICOLON ID GREATERTHAN NUMBER SEMICOLON ID INCREMENT . RPAREN LBRACE system_out RBRACE

    RPAREN          shift and go to state 67


state 59

    (11) for_loop_inner_declaration -> FOR LPAREN ID SEMICOLON ID LESSTHANOREQUAL NUMBER SEMICOLON ID INCREMENT . RPAREN LBRACE system_out RBRACE

    RPAREN          shift and go to state 68


state 60

    (6) for_loop_inner_variation -> FOR LPAREN ID ASSIGN NUMBER SEMICOLON ID LESSTHAN NUMBER SEMICOLON . ID INCREMENT RPAREN LBRACE system_out RBRACE

    ID              shift and go to state 69


state 61

    (7) for_loop_inner_variation -> FOR LPAREN ID ASSIGN NUMBER SEMICOLON ID GREATERTHAN NUMBER SEMICOLON . ID INCREMENT RPAREN LBRACE system_out RBRACE

    ID              shift and go to state 70


state 62

    (8) for_loop_inner_variation -> FOR LPAREN ID ASSIGN NUMBER SEMICOLON ID LESSTHANOREQUAL NUMBER SEMICOLON . ID INCREMENT RPAREN LBRACE system_out RBRACE

    ID              shift and go to state 71


state 63

    (12) for_loop_inner -> FOR LPAREN INT ID ASSIGN NUMBER SEMICOLON ID LESSTHAN NUMBER SEMICOLON . ID INCREMENT RPAREN LBRACE system_out RBRACE

    ID              shift and go to state 72


state 64

    (13) for_loop_inner -> FOR LPAREN INT ID ASSIGN NUMBER SEMICOLON ID GREATERTHAN NUMBER SEMICOLON . ID INCREMENT RPAREN LBRACE system_out RBRACE

    ID              shift and go to state 73


state 65

    (14) for_loop_inner -> FOR LPAREN INT ID ASSIGN NUMBER SEMICOLON ID LESSTHANOREQUAL NUMBER SEMICOLON . ID INCREMENT RPAREN LBRACE system_out RBRACE

    ID              shift and go to state 74


state 66

    (9) for_loop_inner_declaration -> FOR LPAREN ID SEMICOLON ID LESSTHAN NUMBER SEMICOLON ID INCREMENT RPAREN . LBRACE system_out RBRACE

    LBRACE          shift and go to state 75


state 67

    (10) for_loop_inner_declaration -> FOR LPAREN ID SEMICOLON ID GREATERTHAN NUMBER SEMICOLON ID INCREMENT RPAREN . LBRACE system_out RBRACE

    LBRACE          shift and go to state 76


state 68

    (11) for_loop_inner_declaration -> FOR LPAREN ID SEMICOLON ID LESSTHANOREQUAL NUMBER SEMICOLON ID INCREMENT RPAREN . LBRACE system_out RBRACE

    LBRACE          shift and go to state 77


state 69

    (6) for_loop_inner_variation -> FOR LPAREN ID ASSIGN NUMBER SEMICOLON ID LESSTHAN NUMBER SEMICOLON ID . INCREMENT RPAREN LBRACE system_out RBRACE

    INCREMENT       shift and go to state 78


state 70

    (7) for_loop_inner_variation -> FOR LPAREN ID ASSIGN NUMBER SEMICOLON ID GREATERTHAN NUMBER SEMICOLON ID . INCREMENT RPAREN LBRACE system_out RBRACE

    INCREMENT       shift and go to state 79


state 71

    (8) for_loop_inner_variation -> FOR LPAREN ID ASSIGN NUMBER SEMICOLON ID LESSTHANOREQUAL NUMBER SEMICOLON ID . INCREMENT RPAREN LBRACE system_out RBRACE

    INCREMENT       shift and go to state 80


state 72

    (12) for_loop_inner -> FOR LPAREN INT ID ASSIGN NUMBER SEMICOLON ID LESSTHAN NUMBER SEMICOLON ID . INCREMENT RPAREN LBRACE system_out RBRACE

    INCREMENT       shift and go to state 81


state 73

    (13) for_loop_inner -> FOR LPAREN INT ID ASSIGN NUMBER SEMICOLON ID GREATERTHAN NUMBER SEMICOLON ID . INCREMENT RPAREN LBRACE system_out RBRACE

    INCREMENT       shift and go to state 82


state 74

    (14) for_loop_inner -> FOR LPAREN INT ID ASSIGN NUMBER SEMICOLON ID LESSTHANOREQUAL NUMBER SEMICOLON ID . INCREMENT RPAREN LBRACE system_out RBRACE

    INCREMENT       shift and go to state 83


state 75

    (9) for_loop_inner_declaration -> FOR LPAREN ID SEMICOLON ID LESSTHAN NUMBER SEMICOLON ID INCREMENT RPAREN LBRACE . system_out RBRACE
    (19) system_out -> . ID DOT ID DOT ID LPAREN system_out_content RPAREN SEMICOLON

    ID              shift and go to state 84

    system_out                     shift and go to state 85

state 76

    (10) for_loop_inner_declaration -> FOR LPAREN ID SEMICOLON ID GREATERTHAN NUMBER SEMICOLON ID INCREMENT RPAREN LBRACE . system_out RBRACE
    (19) system_out -> . ID DOT ID DOT ID LPAREN system_out_content RPAREN SEMICOLON

    ID              shift and go to state 84

    system_out                     shift and go to state 86

state 77

    (11) for_loop_inner_declaration -> FOR LPAREN ID SEMICOLON ID LESSTHANOREQUAL NUMBER SEMICOLON ID INCREMENT RPAREN LBRACE . system_out RBRACE
    (19) system_out -> . ID DOT ID DOT ID LPAREN system_out_content RPAREN SEMICOLON

    ID              shift and go to state 84

    system_out                     shift and go to state 87

state 78

    (6) for_loop_inner_variation -> FOR LPAREN ID ASSIGN NUMBER SEMICOLON ID LESSTHAN NUMBER SEMICOLON ID INCREMENT . RPAREN LBRACE system_out RBRACE

    RPAREN          shift and go to state 88


state 79

    (7) for_loop_inner_variation -> FOR LPAREN ID ASSIGN NUMBER SEMICOLON ID GREATERTHAN NUMBER SEMICOLON ID INCREMENT . RPAREN LBRACE system_out RBRACE

    RPAREN          shift and go to state 89


state 80

    (8) for_loop_inner_variation -> FOR LPAREN ID ASSIGN NUMBER SEMICOLON ID LESSTHANOREQUAL NUMBER SEMICOLON ID INCREMENT . RPAREN LBRACE system_out RBRACE

    RPAREN          shift and go to state 90


state 81

    (12) for_loop_inner -> FOR LPAREN INT ID ASSIGN NUMBER SEMICOLON ID LESSTHAN NUMBER SEMICOLON ID INCREMENT . RPAREN LBRACE system_out RBRACE

    RPAREN          shift and go to state 91


state 82

    (13) for_loop_inner -> FOR LPAREN INT ID ASSIGN NUMBER SEMICOLON ID GREATERTHAN NUMBER SEMICOLON ID INCREMENT . RPAREN LBRACE system_out RBRACE

    RPAREN          shift and go to state 92


state 83

    (14) for_loop_inner -> FOR LPAREN INT ID ASSIGN NUMBER SEMICOLON ID LESSTHANOREQUAL NUMBER SEMICOLON ID INCREMENT . RPAREN LBRACE system_out RBRACE

    RPAREN          shift and go to state 93


state 84

    (19) system_out -> ID . DOT ID DOT ID LPAREN system_out_content RPAREN SEMICOLON

    DOT             shift and go to state 94


state 85

    (9) for_loop_inner_declaration -> FOR LPAREN ID SEMICOLON ID LESSTHAN NUMBER SEMICOLON ID INCREMENT RPAREN LBRACE system_out . RBRACE

    RBRACE          shift and go to state 95


state 86

    (10) for_loop_inner_declaration -> FOR LPAREN ID SEMICOLON ID GREATERTHAN NUMBER SEMICOLON ID INCREMENT RPAREN LBRACE system_out . RBRACE

    RBRACE          shift and go to state 96


state 87

    (11) for_loop_inner_declaration -> FOR LPAREN ID SEMICOLON ID LESSTHANOREQUAL NUMBER SEMICOLON ID INCREMENT RPAREN LBRACE system_out . RBRACE

    RBRACE          shift and go to state 97


state 88

    (6) for_loop_inner_variation -> FOR LPAREN ID ASSIGN NUMBER SEMICOLON ID LESSTHAN NUMBER SEMICOLON ID INCREMENT RPAREN . LBRACE system_out RBRACE

    LBRACE          shift and go to state 98


state 89

    (7) for_loop_inner_variation -> FOR LPAREN ID ASSIGN NUMBER SEMICOLON ID GREATERTHAN NUMBER SEMICOLON ID INCREMENT RPAREN . LBRACE system_out RBRACE

    LBRACE          shift and go to state 99


state 90

    (8) for_loop_inner_variation -> FOR LPAREN ID ASSIGN NUMBER SEMICOLON ID LESSTHANOREQUAL NUMBER SEMICOLON ID INCREMENT RPAREN . LBRACE system_out RBRACE

    LBRACE          shift and go to state 100


state 91

    (12) for_loop_inner -> FOR LPAREN INT ID ASSIGN NUMBER SEMICOLON ID LESSTHAN NUMBER SEMICOLON ID INCREMENT RPAREN . LBRACE system_out RBRACE

    LBRACE          shift and go to state 101


state 92

    (13) for_loop_inner -> FOR LPAREN INT ID ASSIGN NUMBER SEMICOLON ID GREATERTHAN NUMBER SEMICOLON ID INCREMENT RPAREN . LBRACE system_out RBRACE

    LBRACE          shift and go to state 102


state 93

    (14) for_loop_inner -> FOR LPAREN INT ID ASSIGN NUMBER SEMICOLON ID LESSTHANOREQUAL NUMBER SEMICOLON ID INCREMENT RPAREN . LBRACE system_out RBRACE

    LBRACE          shift and go to state 103


state 94

    (19) system_out -> ID DOT . ID DOT ID LPAREN system_out_content RPAREN SEMICOLON

    ID              shift and go to state 104


state 95

    (9) for_loop_inner_declaration -> FOR LPAREN ID SEMICOLON ID LESSTHAN NUMBER SEMICOLON ID INCREMENT RPAREN LBRACE system_out RBRACE .

    $end            reduce using rule 9 (for_loop_inner_declaration -> FOR LPAREN ID SEMICOLON ID LESSTHAN NUMBER SEMICOLON ID INCREMENT RPAREN LBRACE system_out RBRACE .)


state 96

    (10) for_loop_inner_declaration -> FOR LPAREN ID SEMICOLON ID GREATERTHAN NUMBER SEMICOLON ID INCREMENT RPAREN LBRACE system_out RBRACE .

    $end            reduce using rule 10 (for_loop_inner_declaration -> FOR LPAREN ID SEMICOLON ID GREATERTHAN NUMBER SEMICOLON ID INCREMENT RPAREN LBRACE system_out RBRACE .)


state 97

    (11) for_loop_inner_declaration -> FOR LPAREN ID SEMICOLON ID LESSTHANOREQUAL NUMBER SEMICOLON ID INCREMENT RPAREN LBRACE system_out RBRACE .

    $end            reduce using rule 11 (for_loop_inner_declaration -> FOR LPAREN ID SEMICOLON ID LESSTHANOREQUAL NUMBER SEMICOLON ID INCREMENT RPAREN LBRACE system_out RBRACE .)


state 98

    (6) for_loop_inner_variation -> FOR LPAREN ID ASSIGN NUMBER SEMICOLON ID LESSTHAN NUMBER SEMICOLON ID INCREMENT RPAREN LBRACE . system_out RBRACE
    (19) system_out -> . ID DOT ID DOT ID LPAREN system_out_content RPAREN SEMICOLON

    ID              shift and go to state 84

    system_out                     shift and go to state 105

state 99

    (7) for_loop_inner_variation -> FOR LPAREN ID ASSIGN NUMBER SEMICOLON ID GREATERTHAN NUMBER SEMICOLON ID INCREMENT RPAREN LBRACE . system_out RBRACE
    (19) system_out -> . ID DOT ID DOT ID LPAREN system_out_content RPAREN SEMICOLON

    ID              shift and go to state 84

    system_out                     shift and go to state 106

state 100

    (8) for_loop_inner_variation -> FOR LPAREN ID ASSIGN NUMBER SEMICOLON ID LESSTHANOREQUAL NUMBER SEMICOLON ID INCREMENT RPAREN LBRACE . system_out RBRACE
    (19) system_out -> . ID DOT ID DOT ID LPAREN system_out_content RPAREN SEMICOLON

    ID              shift and go to state 84

    system_out                     shift and go to state 107

state 101

    (12) for_loop_inner -> FOR LPAREN INT ID ASSIGN NUMBER SEMICOLON ID LESSTHAN NUMBER SEMICOLON ID INCREMENT RPAREN LBRACE . system_out RBRACE
    (19) system_out -> . ID DOT ID DOT ID LPAREN system_out_content RPAREN SEMICOLON

    ID              shift and go to state 84

    system_out                     shift and go to state 108

state 102

    (13) for_loop_inner -> FOR LPAREN INT ID ASSIGN NUMBER SEMICOLON ID GREATERTHAN NUMBER SEMICOLON ID INCREMENT RPAREN LBRACE . system_out RBRACE
    (19) system_out -> . ID DOT ID DOT ID LPAREN system_out_content RPAREN SEMICOLON

    ID              shift and go to state 84

    system_out                     shift and go to state 109

state 103

    (14) for_loop_inner -> FOR LPAREN INT ID ASSIGN NUMBER SEMICOLON ID LESSTHANOREQUAL NUMBER SEMICOLON ID INCREMENT RPAREN LBRACE . system_out RBRACE
    (19) system_out -> . ID DOT ID DOT ID LPAREN system_out_content RPAREN SEMICOLON

    ID              shift and go to state 84

    system_out                     shift and go to state 110

state 104

    (19) system_out -> ID DOT ID . DOT ID LPAREN system_out_content RPAREN SEMICOLON

    DOT             shift and go to state 111


state 105

    (6) for_loop_inner_variation -> FOR LPAREN ID ASSIGN NUMBER SEMICOLON ID LESSTHAN NUMBER SEMICOLON ID INCREMENT RPAREN LBRACE system_out . RBRACE

    RBRACE          shift and go to state 112


state 106

    (7) for_loop_inner_variation -> FOR LPAREN ID ASSIGN NUMBER SEMICOLON ID GREATERTHAN NUMBER SEMICOLON ID INCREMENT RPAREN LBRACE system_out . RBRACE

    RBRACE          shift and go to state 113


state 107

    (8) for_loop_inner_variation -> FOR LPAREN ID ASSIGN NUMBER SEMICOLON ID LESSTHANOREQUAL NUMBER SEMICOLON ID INCREMENT RPAREN LBRACE system_out . RBRACE

    RBRACE          shift and go to state 114


state 108

    (12) for_loop_inner -> FOR LPAREN INT ID ASSIGN NUMBER SEMICOLON ID LESSTHAN NUMBER SEMICOLON ID INCREMENT RPAREN LBRACE system_out . RBRACE

    RBRACE          shift and go to state 115


state 109

    (13) for_loop_inner -> FOR LPAREN INT ID ASSIGN NUMBER SEMICOLON ID GREATERTHAN NUMBER SEMICOLON ID INCREMENT RPAREN LBRACE system_out . RBRACE

    RBRACE          shift and go to state 116


state 110

    (14) for_loop_inner -> FOR LPAREN INT ID ASSIGN NUMBER SEMICOLON ID LESSTHANOREQUAL NUMBER SEMICOLON ID INCREMENT RPAREN LBRACE system_out . RBRACE

    RBRACE          shift and go to state 117


state 111

    (19) system_out -> ID DOT ID DOT . ID LPAREN system_out_content RPAREN SEMICOLON

    ID              shift and go to state 118


state 112

    (6) for_loop_inner_variation -> FOR LPAREN ID ASSIGN NUMBER SEMICOLON ID LESSTHAN NUMBER SEMICOLON ID INCREMENT RPAREN LBRACE system_out RBRACE .

    $end            reduce using rule 6 (for_loop_inner_variation -> FOR LPAREN ID ASSIGN NUMBER SEMICOLON ID LESSTHAN NUMBER SEMICOLON ID INCREMENT RPAREN LBRACE system_out RBRACE .)


state 113

    (7) for_loop_inner_variation -> FOR LPAREN ID ASSIGN NUMBER SEMICOLON ID GREATERTHAN NUMBER SEMICOLON ID INCREMENT RPAREN LBRACE system_out RBRACE .

    $end            reduce using rule 7 (for_loop_inner_variation -> FOR LPAREN ID ASSIGN NUMBER SEMICOLON ID GREATERTHAN NUMBER SEMICOLON ID INCREMENT RPAREN LBRACE system_out RBRACE .)


state 114

    (8) for_loop_inner_variation -> FOR LPAREN ID ASSIGN NUMBER SEMICOLON ID LESSTHANOREQUAL NUMBER SEMICOLON ID INCREMENT RPAREN LBRACE system_out RBRACE .

    $end            reduce using rule 8 (for_loop_inner_variation -> FOR LPAREN ID ASSIGN NUMBER SEMICOLON ID LESSTHANOREQUAL NUMBER SEMICOLON ID INCREMENT RPAREN LBRACE system_out RBRACE .)


state 115

    (12) for_loop_inner -> FOR LPAREN INT ID ASSIGN NUMBER SEMICOLON ID LESSTHAN NUMBER SEMICOLON ID INCREMENT RPAREN LBRACE system_out RBRACE .

    $end            reduce using rule 12 (for_loop_inner -> FOR LPAREN INT ID ASSIGN NUMBER SEMICOLON ID LESSTHAN NUMBER SEMICOLON ID INCREMENT RPAREN LBRACE system_out RBRACE .)


state 116

    (13) for_loop_inner -> FOR LPAREN INT ID ASSIGN NUMBER SEMICOLON ID GREATERTHAN NUMBER SEMICOLON ID INCREMENT RPAREN LBRACE system_out RBRACE .

    $end            reduce using rule 13 (for_loop_inner -> FOR LPAREN INT ID ASSIGN NUMBER SEMICOLON ID GREATERTHAN NUMBER SEMICOLON ID INCREMENT RPAREN LBRACE system_out RBRACE .)


state 117

    (14) for_loop_inner -> FOR LPAREN INT ID ASSIGN NUMBER SEMICOLON ID LESSTHANOREQUAL NUMBER SEMICOLON ID INCREMENT RPAREN LBRACE system_out RBRACE .

    $end            reduce using rule 14 (for_loop_inner -> FOR LPAREN INT ID ASSIGN NUMBER SEMICOLON ID LESSTHANOREQUAL NUMBER SEMICOLON ID INCREMENT RPAREN LBRACE system_out RBRACE .)


state 118

    (19) system_out -> ID DOT ID DOT ID . LPAREN system_out_content RPAREN SEMICOLON

    LPAREN          shift and go to state 119


state 119

    (19) system_out -> ID DOT ID DOT ID LPAREN . system_out_content RPAREN SEMICOLON
    (15) system_out_content -> . STRING
    (16) system_out_content -> . ID
    (17) system_out_content -> . system_out_content PLUS STRING
    (18) system_out_content -> . system_out_content PLUS ID

    STRING          shift and go to state 122
    ID              shift and go to state 120

    system_out_content             shift and go to state 121

state 120

    (16) system_out_content -> ID .

    RPAREN          reduce using rule 16 (system_out_content -> ID .)
    PLUS            reduce using rule 16 (system_out_content -> ID .)


state 121

    (19) system_out -> ID DOT ID DOT ID LPAREN system_out_content . RPAREN SEMICOLON
    (17) system_out_content -> system_out_content . PLUS STRING
    (18) system_out_content -> system_out_content . PLUS ID

    RPAREN          shift and go to state 123
    PLUS            shift and go to state 124


state 122

    (15) system_out_content -> STRING .

    RPAREN          reduce using rule 15 (system_out_content -> STRING .)
    PLUS            reduce using rule 15 (system_out_content -> STRING .)


state 123

    (19) system_out -> ID DOT ID DOT ID LPAREN system_out_content RPAREN . SEMICOLON

    SEMICOLON       shift and go to state 125


state 124

    (17) system_out_content -> system_out_content PLUS . STRING
    (18) system_out_content -> system_out_content PLUS . ID

    STRING          shift and go to state 126
    ID              shift and go to state 127


state 125

    (19) system_out -> ID DOT ID DOT ID LPAREN system_out_content RPAREN SEMICOLON .

    RBRACE          reduce using rule 19 (system_out -> ID DOT ID DOT ID LPAREN system_out_content RPAREN SEMICOLON .)


state 126

    (17) system_out_content -> system_out_content PLUS STRING .

    RPAREN          reduce using rule 17 (system_out_content -> system_out_content PLUS STRING .)
    PLUS            reduce using rule 17 (system_out_content -> system_out_content PLUS STRING .)


state 127

    (18) system_out_content -> system_out_content PLUS ID .

    RPAREN          reduce using rule 18 (system_out_content -> system_out_content PLUS ID .)
    PLUS            reduce using rule 18 (system_out_content -> system_out_content PLUS ID .)

